Determining if the pthread_create exist failed with the following output:
Change Dir: /home/jetson/fyp/ws/build/CMakeFiles/CMakeTmp

Run Build Command:"/usr/bin/make" "cmTC_cc540/fast"
/usr/bin/make -f CMakeFiles/cmTC_cc540.dir/build.make CMakeFiles/cmTC_cc540.dir/build
make[1]: Entering directory '/home/jetson/fyp/ws/build/CMakeFiles/CMakeTmp'
Building C object CMakeFiles/cmTC_cc540.dir/CheckSymbolExists.c.o
/usr/bin/cc    -o CMakeFiles/cmTC_cc540.dir/CheckSymbolExists.c.o   -c /home/jetson/fyp/ws/build/CMakeFiles/CMakeTmp/CheckSymbolExists.c
Linking C executable cmTC_cc540
/usr/bin/cmake -E cmake_link_script CMakeFiles/cmTC_cc540.dir/link.txt --verbose=1
/usr/bin/cc      -rdynamic CMakeFiles/cmTC_cc540.dir/CheckSymbolExists.c.o  -o cmTC_cc540 
CMakeFiles/cmTC_cc540.dir/CheckSymbolExists.c.o: In function `main':
CheckSymbolExists.c:(.text+0x14): undefined reference to `pthread_create'
CheckSymbolExists.c:(.text+0x18): undefined reference to `pthread_create'
collect2: error: ld returned 1 exit status
CMakeFiles/cmTC_cc540.dir/build.make:97: recipe for target 'cmTC_cc540' failed
make[1]: *** [cmTC_cc540] Error 1
make[1]: Leaving directory '/home/jetson/fyp/ws/build/CMakeFiles/CMakeTmp'
Makefile:126: recipe for target 'cmTC_cc540/fast' failed
make: *** [cmTC_cc540/fast] Error 2

File /home/jetson/fyp/ws/build/CMakeFiles/CMakeTmp/CheckSymbolExists.c:
/* */
#include <pthread.h>

int main(int argc, char** argv)
{
  (void)argv;
#ifndef pthread_create
  return ((int*)(&pthread_create))[argc];
#else
  (void)argc;
  return 0;
#endif
}

Determining if the function pthread_create exists in the pthreads failed with the following output:
Change Dir: /home/jetson/fyp/ws/build/CMakeFiles/CMakeTmp

Run Build Command:"/usr/bin/make" "cmTC_01466/fast"
/usr/bin/make -f CMakeFiles/cmTC_01466.dir/build.make CMakeFiles/cmTC_01466.dir/build
make[1]: Entering directory '/home/jetson/fyp/ws/build/CMakeFiles/CMakeTmp'
Building C object CMakeFiles/cmTC_01466.dir/CheckFunctionExists.c.o
/usr/bin/cc   -DCHECK_FUNCTION_EXISTS=pthread_create   -o CMakeFiles/cmTC_01466.dir/CheckFunctionExists.c.o   -c /usr/share/cmake-3.10/Modules/CheckFunctionExists.c
Linking C executable cmTC_01466
/usr/bin/cmake -E cmake_link_script CMakeFiles/cmTC_01466.dir/link.txt --verbose=1
/usr/bin/cc  -DCHECK_FUNCTION_EXISTS=pthread_create    -rdynamic CMakeFiles/cmTC_01466.dir/CheckFunctionExists.c.o  -o cmTC_01466 -lpthreads 
/usr/bin/ld: cannot find -lpthreads
collect2: error: ld returned 1 exit status
CMakeFiles/cmTC_01466.dir/build.make:97: recipe for target 'cmTC_01466' failed
make[1]: *** [cmTC_01466] Error 1
make[1]: Leaving directory '/home/jetson/fyp/ws/build/CMakeFiles/CMakeTmp'
Makefile:126: recipe for target 'cmTC_01466/fast' failed
make: *** [cmTC_01466/fast] Error 2


